<?xml version="1.0" encoding="UTF-8"?>
<testsuite xmlns:xsi="http://www.w3.org/2001/XMLSchema-instance" xsi:noNamespaceSchemaLocation="https://maven.apache.org/surefire/maven-failsafe-plugin/xsd/failsafe-test-report.xsd" version="3.0.2" name="de.slash.productsservice.ProductControllerIT" time="9.509" tests="3" errors="0" skipped="0" failures="0">
  <properties>
[...]
</properties>
  <testcase name="deleteProduct" classname="de.slash.productsservice.ProductControllerIT" time="1.077">
    <system-out><![CDATA[12:27:06.592 [main] INFO org.springframework.test.context.support.AnnotationConfigContextLoaderUtils -- Could not detect default configuration classes for test class [de.slash.productsservice.ProductControllerIT]: ProductControllerIT does not declare any static, non-private, non-final, nested classes annotated with @Configuration.
12:27:06.822 [main] INFO org.springframework.boot.test.context.SpringBootTestContextBootstrapper -- Found @SpringBootConfiguration de.slash.productsservice.ProductsServiceApp for test class de.slash.productsservice.ProductControllerIT

  .   ____          _            __ _ _
 /\\ / ___'_ __ _ _(_)_ __  __ _ \ \ \ \
( ( )\___ | '_ | '_| | '_ \/ _` | \ \ \ \
 \\/  ___)| |_)| | | | | || (_| |  ) ) ) )
  '  |____| .__|_| |_|_| |_\__, | / / / /
 =========|_|==============|___/=/_/_/_/

 :: Spring Boot ::                (v3.4.0)

2025-01-01T12:27:07.527Z  INFO 1959 --- [products-service] [           main] d.s.productsservice.ProductControllerIT  : Starting ProductControllerIT using Java 21.0.5 with PID 1959 (started by runner in /home/runner/work/graphql-demo/graphql-demo/products-service)
2025-01-01T12:27:07.529Z  INFO 1959 --- [products-service] [           main] d.s.productsservice.ProductControllerIT  : The following 1 profile is active: "test"
2025-01-01T12:27:08.546Z  INFO 1959 --- [products-service] [           main] .s.d.r.c.RepositoryConfigurationDelegate : Bootstrapping Spring Data JPA repositories in DEFAULT mode.
2025-01-01T12:27:08.759Z  INFO 1959 --- [products-service] [           main] .s.d.r.c.RepositoryConfigurationDelegate : Finished Spring Data repository scanning in 198 ms. Found 1 JPA repository interface.
2025-01-01T12:27:09.472Z  INFO 1959 --- [products-service] [           main] com.zaxxer.hikari.HikariDataSource       : HikariPool-1 - Starting...
2025-01-01T12:27:09.914Z  INFO 1959 --- [products-service] [           main] com.zaxxer.hikari.pool.HikariPool        : HikariPool-1 - Added connection conn0: url=jdbc:h2:~/graphql-demo-db/test/products-service user=ADMIN
2025-01-01T12:27:09.917Z  INFO 1959 --- [products-service] [           main] com.zaxxer.hikari.HikariDataSource       : HikariPool-1 - Start completed.
2025-01-01T12:27:10.039Z  INFO 1959 --- [products-service] [           main] liquibase.database                       : Set default schema name to PUBLIC
2025-01-01T12:27:10.667Z  INFO 1959 --- [products-service] [           main] liquibase.changelog                      : Creating database history table with name: PUBLIC.DATABASECHANGELOG
2025-01-01T12:27:10.822Z  INFO 1959 --- [products-service] [           main] liquibase.changelog                      : Reading from PUBLIC.DATABASECHANGELOG
2025-01-01T12:27:10.897Z  INFO 1959 --- [products-service] [           main] liquibase.lockservice                    : Successfully acquired change log lock
2025-01-01T12:27:10.898Z  INFO 1959 --- [products-service] [           main] liquibase.command                        : Using deploymentId: 5734430897
2025-01-01T12:27:10.900Z  INFO 1959 --- [products-service] [           main] liquibase.changelog                      : Reading from PUBLIC.DATABASECHANGELOG
2025-01-01T12:27:10.911Z  INFO 1959 --- [products-service] [           main] liquibase.ui                             : Running Changeset: db/changelog/test/1_create_schema.sql::raw::includeAll
2025-01-01T12:27:10.945Z  INFO 1959 --- [products-service] [           main] liquibase.changelog                      : Custom SQL executed
2025-01-01T12:27:10.947Z  INFO 1959 --- [products-service] [           main] liquibase.changelog                      : ChangeSet db/changelog/test/1_create_schema.sql::raw::includeAll ran successfully in 34ms
2025-01-01T12:27:10.961Z  INFO 1959 --- [products-service] [           main] liquibase.ui                             : Running Changeset: db/changelog/test/2_insert_products.sql::raw::includeAll
2025-01-01T12:27:10.977Z  INFO 1959 --- [products-service] [           main] liquibase.changelog                      : Custom SQL executed
2025-01-01T12:27:10.979Z  INFO 1959 --- [products-service] [           main] liquibase.changelog                      : ChangeSet db/changelog/test/2_insert_products.sql::raw::includeAll ran successfully in 17ms
2025-01-01T12:27:10.993Z  INFO 1959 --- [products-service] [           main] liquibase.util                           : UPDATE SUMMARY
2025-01-01T12:27:10.993Z  INFO 1959 --- [products-service] [           main] liquibase.util                           : Run:                          2
2025-01-01T12:27:10.994Z  INFO 1959 --- [products-service] [           main] liquibase.util                           : Previously run:               0
2025-01-01T12:27:10.994Z  INFO 1959 --- [products-service] [           main] liquibase.util                           : Filtered out:                 0
2025-01-01T12:27:10.994Z  INFO 1959 --- [products-service] [           main] liquibase.util                           : -------------------------------
2025-01-01T12:27:10.995Z  INFO 1959 --- [products-service] [           main] liquibase.util                           : Total change sets:            2
2025-01-01T12:27:10.997Z  INFO 1959 --- [products-service] [           main] liquibase.util                           : Update summary generated
2025-01-01T12:27:11.001Z  INFO 1959 --- [products-service] [           main] liquibase.command                        : Update command completed successfully.
2025-01-01T12:27:11.001Z  INFO 1959 --- [products-service] [           main] liquibase.ui                             : Liquibase: Update has been successful. Rows affected: 3
2025-01-01T12:27:11.005Z  INFO 1959 --- [products-service] [           main] liquibase.lockservice                    : Successfully released change log lock
2025-01-01T12:27:11.006Z  INFO 1959 --- [products-service] [           main] liquibase.command                        : Command execution complete
2025-01-01T12:27:11.172Z  INFO 1959 --- [products-service] [           main] o.hibernate.jpa.internal.util.LogHelper  : HHH000204: Processing PersistenceUnitInfo [name: default]
2025-01-01T12:27:11.259Z  INFO 1959 --- [products-service] [           main] org.hibernate.Version                    : HHH000412: Hibernate ORM core version 6.6.2.Final
2025-01-01T12:27:11.307Z  INFO 1959 --- [products-service] [           main] o.h.c.internal.RegionFactoryInitiator    : HHH000026: Second-level cache disabled
2025-01-01T12:27:11.737Z  INFO 1959 --- [products-service] [           main] o.s.o.j.p.SpringPersistenceUnitInfo      : No LoadTimeWeaver setup: ignoring JPA class transformer
2025-01-01T12:27:11.844Z  INFO 1959 --- [products-service] [           main] org.hibernate.orm.connections.pooling    : HHH10001005: Database info:
	Database JDBC URL [Connecting through datasource 'HikariDataSource (HikariPool-1)']
	Database driver: undefined/unknown
	Database version: 2.3.232
	Autocommit mode: undefined/unknown
	Isolation level: undefined/unknown
	Minimum pool size: undefined/unknown
	Maximum pool size: undefined/unknown
2025-01-01T12:27:12.874Z  INFO 1959 --- [products-service] [           main] o.h.e.t.j.p.i.JtaPlatformInitiator       : HHH000489: No JTA platform available (set 'hibernate.transaction.jta.platform' to enable JTA platform integration)
2025-01-01T12:27:12.876Z  INFO 1959 --- [products-service] [           main] j.LocalContainerEntityManagerFactoryBean : Initialized JPA EntityManagerFactory for persistence unit 'default'
2025-01-01T12:27:13.351Z  WARN 1959 --- [products-service] [           main] JpaBaseConfiguration$JpaWebConfiguration : spring.jpa.open-in-view is enabled by default. Therefore, database queries may be performed during view rendering. Explicitly configure spring.jpa.open-in-view to disable this warning
2025-01-01T12:27:13.852Z  INFO 1959 --- [products-service] [           main] efaultSchemaResourceGraphQlSourceBuilder : Loaded 1 resource(s) in the GraphQL schema.
2025-01-01T12:27:14.098Z  INFO 1959 --- [products-service] [           main] o.s.b.a.g.GraphQlAutoConfiguration       : GraphQL schema inspection:
	Unmapped fields: {}
	Unmapped registrations: {}
	Unmapped arguments: {}
	Skipped types: []
2025-01-01T12:27:14.133Z  INFO 1959 --- [products-service] [           main] s.b.a.g.s.GraphQlWebMvcAutoConfiguration : GraphQL endpoint HTTP POST /graphql
2025-01-01T12:27:14.382Z  INFO 1959 --- [products-service] [           main] o.s.b.t.m.w.SpringBootMockServletContext : Initializing Spring TestDispatcherServlet ''
2025-01-01T12:27:14.383Z  INFO 1959 --- [products-service] [           main] o.s.t.web.servlet.TestDispatcherServlet  : Initializing Servlet ''
2025-01-01T12:27:14.385Z  INFO 1959 --- [products-service] [           main] o.s.t.web.servlet.TestDispatcherServlet  : Completed initialization in 1 ms
2025-01-01T12:27:14.554Z  INFO 1959 --- [products-service] [           main] d.s.productsservice.ProductControllerIT  : Started ProductControllerIT in 7.498 seconds (process running for 9.547)
]]></system-out>
    <system-err><![CDATA[Mockito is currently self-attaching to enable the inline-mock-maker. This will no longer work in future releases of the JDK. Please add Mockito as an agent to your build what is described in Mockito's documentation: https://javadoc.io/doc/org.mockito/mockito-core/latest/org/mockito/Mockito.html#0.3
WARNING: A Java agent has been loaded dynamically (/home/runner/.m2/repository/net/bytebuddy/byte-buddy-agent/1.15.10/byte-buddy-agent-1.15.10.jar)
WARNING: If a serviceability tool is in use, please run with -XX:+EnableDynamicAgentLoading to hide this warning
WARNING: If a serviceability tool is not in use, please run with -Djdk.instrument.traceUsage for more information
WARNING: Dynamic loading of agents will be disallowed by default in a future release
]]></system-err>
  </testcase>
  <testcase name="getProduct" classname="de.slash.productsservice.ProductControllerIT" time="0.042"/>
  <testcase name="createProduct" classname="de.slash.productsservice.ProductControllerIT" time="0.038"/>
</testsuite>